<?xml version="1.0" encoding="UTF-8"?>
<testsuite xmlns:xsi="http://www.w3.org/2001/XMLSchema-instance" xsi:noNamespaceSchemaLocation="https://maven.apache.org/surefire/maven-surefire-plugin/xsd/surefire-test-report-3.0.xsd" version="3.0" name="dk.sdu.mmmi.cbse.collisiondetector.test.CollisionDetectorTest" time="0.033" tests="1" errors="0" skipped="0" failures="0">
  <properties>
    <property name="java.specification.version" value="21"/>
    <property name="sun.jnu.encoding" value="UTF-8"/>
    <property name="java.class.path" value="/Users/sorenstilling/Documents/Uni/4Semester/KBS/CBS_Asteroids/Collision/target/test-classes:/Users/sorenstilling/.m2/repository/org/junit/jupiter/junit-jupiter/5.10.2/junit-jupiter-5.10.2.jar:/Users/sorenstilling/.m2/repository/org/junit/jupiter/junit-jupiter-api/5.10.2/junit-jupiter-api-5.10.2.jar:/Users/sorenstilling/.m2/repository/org/opentest4j/opentest4j/1.3.0/opentest4j-1.3.0.jar:/Users/sorenstilling/.m2/repository/org/junit/platform/junit-platform-commons/1.10.2/junit-platform-commons-1.10.2.jar:/Users/sorenstilling/.m2/repository/org/apiguardian/apiguardian-api/1.1.2/apiguardian-api-1.1.2.jar:/Users/sorenstilling/.m2/repository/org/junit/jupiter/junit-jupiter-params/5.10.2/junit-jupiter-params-5.10.2.jar:/Users/sorenstilling/.m2/repository/org/junit/jupiter/junit-jupiter-engine/5.10.2/junit-jupiter-engine-5.10.2.jar:/Users/sorenstilling/.m2/repository/org/junit/platform/junit-platform-engine/1.10.2/junit-platform-engine-1.10.2.jar:/Users/sorenstilling/.m2/repository/org/testng/testng/7.11.0/testng-7.11.0.jar:/Users/sorenstilling/.m2/repository/org/slf4j/slf4j-api/2.0.16/slf4j-api-2.0.16.jar:/Users/sorenstilling/.m2/repository/org/jcommander/jcommander/1.83/jcommander-1.83.jar:/Users/sorenstilling/.m2/repository/org/webjars/jquery/3.7.1/jquery-3.7.1.jar:/Users/sorenstilling/.m2/repository/org/openjfx/javafx-controls/21.0.2/javafx-controls-21.0.2.jar:/Users/sorenstilling/.m2/repository/org/openjfx/javafx-controls/21.0.2/javafx-controls-21.0.2-mac-aarch64.jar:/Users/sorenstilling/.m2/repository/org/openjfx/javafx-graphics/21.0.2/javafx-graphics-21.0.2.jar:/Users/sorenstilling/.m2/repository/org/openjfx/javafx-base/21.0.2/javafx-base-21.0.2.jar:/Users/sorenstilling/.m2/repository/org/springframework/spring-aop/5.3.32/spring-aop-5.3.32.jar:/Users/sorenstilling/.m2/repository/org/springframework/spring-expression/5.3.32/spring-expression-5.3.32.jar:/Users/sorenstilling/.m2/repository/org/springframework/spring-jcl/5.3.32/spring-jcl-5.3.32.jar:"/>
    <property name="java.vm.vendor" value="Oracle Corporation"/>
    <property name="sun.arch.data.model" value="64"/>
    <property name="java.vendor.url" value="https://java.oracle.com/"/>
    <property name="os.name" value="Mac OS X"/>
    <property name="java.vm.specification.version" value="21"/>
    <property name="sun.java.launcher" value="SUN_STANDARD"/>
    <property name="user.country" value="DK"/>
    <property name="sun.boot.library.path" value="/Users/sorenstilling/.sdkman/candidates/java/21.0.1-oracle/lib"/>
    <property name="sun.java.command" value="org.apache.maven.surefire.booter.ForkedBooter /Users/sorenstilling/Documents/Uni/4Semester/KBS/CBS_Asteroids/Collision/target/surefire 2025-06-02T10-24-45_887-jvmRun1 surefire-20250602102451146_4tmp surefire_1-20250602102451146_5tmp"/>
    <property name="http.nonProxyHosts" value="local|*.local|169.254/16|*.169.254/16"/>
    <property name="jdk.debug" value="release"/>
    <property name="surefire.test.class.path" value="/Users/sorenstilling/Documents/Uni/4Semester/KBS/CBS_Asteroids/Collision/target/test-classes:/Users/sorenstilling/.m2/repository/org/junit/jupiter/junit-jupiter/5.10.2/junit-jupiter-5.10.2.jar:/Users/sorenstilling/.m2/repository/org/junit/jupiter/junit-jupiter-api/5.10.2/junit-jupiter-api-5.10.2.jar:/Users/sorenstilling/.m2/repository/org/opentest4j/opentest4j/1.3.0/opentest4j-1.3.0.jar:/Users/sorenstilling/.m2/repository/org/junit/platform/junit-platform-commons/1.10.2/junit-platform-commons-1.10.2.jar:/Users/sorenstilling/.m2/repository/org/apiguardian/apiguardian-api/1.1.2/apiguardian-api-1.1.2.jar:/Users/sorenstilling/.m2/repository/org/junit/jupiter/junit-jupiter-params/5.10.2/junit-jupiter-params-5.10.2.jar:/Users/sorenstilling/.m2/repository/org/junit/jupiter/junit-jupiter-engine/5.10.2/junit-jupiter-engine-5.10.2.jar:/Users/sorenstilling/.m2/repository/org/junit/platform/junit-platform-engine/1.10.2/junit-platform-engine-1.10.2.jar:/Users/sorenstilling/.m2/repository/org/testng/testng/7.11.0/testng-7.11.0.jar:/Users/sorenstilling/.m2/repository/org/slf4j/slf4j-api/2.0.16/slf4j-api-2.0.16.jar:/Users/sorenstilling/.m2/repository/org/jcommander/jcommander/1.83/jcommander-1.83.jar:/Users/sorenstilling/.m2/repository/org/webjars/jquery/3.7.1/jquery-3.7.1.jar:/Users/sorenstilling/.m2/repository/org/openjfx/javafx-controls/21.0.2/javafx-controls-21.0.2.jar:/Users/sorenstilling/.m2/repository/org/openjfx/javafx-controls/21.0.2/javafx-controls-21.0.2-mac-aarch64.jar:/Users/sorenstilling/.m2/repository/org/openjfx/javafx-graphics/21.0.2/javafx-graphics-21.0.2.jar:/Users/sorenstilling/.m2/repository/org/openjfx/javafx-base/21.0.2/javafx-base-21.0.2.jar:/Users/sorenstilling/.m2/repository/org/springframework/spring-aop/5.3.32/spring-aop-5.3.32.jar:/Users/sorenstilling/.m2/repository/org/springframework/spring-expression/5.3.32/spring-expression-5.3.32.jar:/Users/sorenstilling/.m2/repository/org/springframework/spring-jcl/5.3.32/spring-jcl-5.3.32.jar:"/>
    <property name="sun.cpu.endian" value="little"/>
    <property name="user.home" value="/Users/sorenstilling"/>
    <property name="user.language" value="da"/>
    <property name="java.specification.vendor" value="Oracle Corporation"/>
    <property name="jdk.module.path" value="/Users/sorenstilling/Documents/Uni/4Semester/KBS/CBS_Asteroids/Collision/target/classes:/Users/sorenstilling/Documents/Uni/4Semester/KBS/CBS_Asteroids/Common/target/Common-1.0.1-SNAPSHOT.jar:/Users/sorenstilling/Documents/Uni/4Semester/KBS/CBS_Asteroids/CommonAsteroids/target/CommonAsteroids-1.0.1-SNAPSHOT.jar:/Users/sorenstilling/Documents/Uni/4Semester/KBS/CBS_Asteroids/CommonBullet/target/CommonBullet-1.0.1-SNAPSHOT.jar:/Users/sorenstilling/Documents/Uni/4Semester/KBS/CBS_Asteroids/CommonEnemy/target/CommonEnemy-1.0.1-SNAPSHOT.jar:/Users/sorenstilling/Documents/Uni/4Semester/KBS/CBS_Asteroids/CommonPlayer/target/CommonPlayer-1.0.1-SNAPSHOT.jar:/Users/sorenstilling/Documents/Uni/4Semester/KBS/CBS_Asteroids/Core/target/Core-1.0.1-SNAPSHOT.jar:/Users/sorenstilling/.m2/repository/org/openjfx/javafx-graphics/21.0.2/javafx-graphics-21.0.2-mac-aarch64.jar:/Users/sorenstilling/.m2/repository/org/openjfx/javafx-base/21.0.2/javafx-base-21.0.2-mac-aarch64.jar:/Users/sorenstilling/.m2/repository/org/springframework/spring-context/5.3.32/spring-context-5.3.32.jar:/Users/sorenstilling/.m2/repository/org/springframework/spring-core/5.3.32/spring-core-5.3.32.jar:/Users/sorenstilling/.m2/repository/org/springframework/spring-beans/5.3.32/spring-beans-5.3.32.jar:/Users/sorenstilling/.m2/repository/org/springframework/spring-web/5.3.32/spring-web-5.3.32.jar"/>
    <property name="java.version.date" value="2023-10-17"/>
    <property name="java.home" value="/Users/sorenstilling/.sdkman/candidates/java/21.0.1-oracle"/>
    <property name="file.separator" value="/"/>
    <property name="basedir" value="/Users/sorenstilling/Documents/Uni/4Semester/KBS/CBS_Asteroids/Collision"/>
    <property name="java.vm.compressedOopsMode" value="Zero based"/>
    <property name="line.separator" value="&#10;"/>
    <property name="java.vm.specification.vendor" value="Oracle Corporation"/>
    <property name="java.specification.name" value="Java Platform API Specification"/>
    <property name="apple.awt.application.name" value="ForkedBooter"/>
    <property name="surefire.real.class.path" value="/Users/sorenstilling/.m2/repository/org/apache/maven/surefire/surefire-booter/3.2.5/surefire-booter-3.2.5.jar:/Users/sorenstilling/.m2/repository/org/apache/maven/surefire/surefire-api/3.2.5/surefire-api-3.2.5.jar:/Users/sorenstilling/.m2/repository/org/apache/maven/surefire/surefire-logger-api/3.2.5/surefire-logger-api-3.2.5.jar:/Users/sorenstilling/.m2/repository/org/apache/maven/surefire/surefire-shared-utils/3.2.5/surefire-shared-utils-3.2.5.jar:/Users/sorenstilling/.m2/repository/org/apache/maven/surefire/surefire-extensions-spi/3.2.5/surefire-extensions-spi-3.2.5.jar:/Users/sorenstilling/Documents/Uni/4Semester/KBS/CBS_Asteroids/Collision/target/test-classes:/Users/sorenstilling/.m2/repository/org/junit/jupiter/junit-jupiter/5.10.2/junit-jupiter-5.10.2.jar:/Users/sorenstilling/.m2/repository/org/junit/jupiter/junit-jupiter-api/5.10.2/junit-jupiter-api-5.10.2.jar:/Users/sorenstilling/.m2/repository/org/opentest4j/opentest4j/1.3.0/opentest4j-1.3.0.jar:/Users/sorenstilling/.m2/repository/org/junit/platform/junit-platform-commons/1.10.2/junit-platform-commons-1.10.2.jar:/Users/sorenstilling/.m2/repository/org/apiguardian/apiguardian-api/1.1.2/apiguardian-api-1.1.2.jar:/Users/sorenstilling/.m2/repository/org/junit/jupiter/junit-jupiter-params/5.10.2/junit-jupiter-params-5.10.2.jar:/Users/sorenstilling/.m2/repository/org/junit/jupiter/junit-jupiter-engine/5.10.2/junit-jupiter-engine-5.10.2.jar:/Users/sorenstilling/.m2/repository/org/junit/platform/junit-platform-engine/1.10.2/junit-platform-engine-1.10.2.jar:/Users/sorenstilling/.m2/repository/org/testng/testng/7.11.0/testng-7.11.0.jar:/Users/sorenstilling/.m2/repository/org/slf4j/slf4j-api/2.0.16/slf4j-api-2.0.16.jar:/Users/sorenstilling/.m2/repository/org/jcommander/jcommander/1.83/jcommander-1.83.jar:/Users/sorenstilling/.m2/repository/org/webjars/jquery/3.7.1/jquery-3.7.1.jar:/Users/sorenstilling/.m2/repository/org/openjfx/javafx-controls/21.0.2/javafx-controls-21.0.2.jar:/Users/sorenstilling/.m2/repository/org/openjfx/javafx-controls/21.0.2/javafx-controls-21.0.2-mac-aarch64.jar:/Users/sorenstilling/.m2/repository/org/openjfx/javafx-graphics/21.0.2/javafx-graphics-21.0.2.jar:/Users/sorenstilling/.m2/repository/org/openjfx/javafx-base/21.0.2/javafx-base-21.0.2.jar:/Users/sorenstilling/.m2/repository/org/springframework/spring-aop/5.3.32/spring-aop-5.3.32.jar:/Users/sorenstilling/.m2/repository/org/springframework/spring-expression/5.3.32/spring-expression-5.3.32.jar:/Users/sorenstilling/.m2/repository/org/springframework/spring-jcl/5.3.32/spring-jcl-5.3.32.jar:/Users/sorenstilling/.m2/repository/org/apache/maven/surefire/surefire-junit-platform/3.2.5/surefire-junit-platform-3.2.5.jar:/Users/sorenstilling/.m2/repository/org/apache/maven/surefire/common-java5/3.2.5/common-java5-3.2.5.jar:/Users/sorenstilling/.m2/repository/org/junit/platform/junit-platform-launcher/1.10.2/junit-platform-launcher-1.10.2.jar"/>
    <property name="sun.management.compiler" value="HotSpot 64-Bit Tiered Compilers"/>
    <property name="ftp.nonProxyHosts" value="local|*.local|169.254/16|*.169.254/16"/>
    <property name="java.runtime.version" value="21.0.1+12-LTS-29"/>
    <property name="user.name" value="sorenstilling"/>
    <property name="stdout.encoding" value="UTF-8"/>
    <property name="path.separator" value=":"/>
    <property name="os.version" value="15.4.1"/>
    <property name="java.runtime.name" value="Java(TM) SE Runtime Environment"/>
    <property name="file.encoding" value="UTF-8"/>
    <property name="java.vm.name" value="Java HotSpot(TM) 64-Bit Server VM"/>
    <property name="localRepository" value="/Users/sorenstilling/.m2/repository"/>
    <property name="java.vendor.url.bug" value="https://bugreport.java.com/bugreport/"/>
    <property name="java.io.tmpdir" value="/var/folders/gr/yyb05dr57t5749vpkdm9mpnh0000gn/T/"/>
    <property name="java.version" value="21.0.1"/>
    <property name="user.dir" value="/Users/sorenstilling/Documents/Uni/4Semester/KBS/CBS_Asteroids/Collision"/>
    <property name="os.arch" value="aarch64"/>
    <property name="java.vm.specification.name" value="Java Virtual Machine Specification"/>
    <property name="native.encoding" value="UTF-8"/>
    <property name="java.library.path" value="/Users/sorenstilling/Library/Java/Extensions:/Library/Java/Extensions:/Network/Library/Java/Extensions:/System/Library/Java/Extensions:/usr/lib/java:."/>
    <property name="java.vm.info" value="mixed mode"/>
    <property name="stderr.encoding" value="UTF-8"/>
    <property name="java.vendor" value="Oracle Corporation"/>
    <property name="java.vm.version" value="21.0.1+12-LTS-29"/>
    <property name="sun.io.unicode.encoding" value="UnicodeBig"/>
    <property name="socksNonProxyHosts" value="local|*.local|169.254/16|*.169.254/16"/>
    <property name="java.class.version" value="65.0"/>
  </properties>
  <testcase name="testPlayerAsteroidCollisionRemovesBoth" classname="dk.sdu.mmmi.cbse.collisiondetector.test.CollisionDetectorTest" time="0.025"/>
</testsuite>